# JRE version: Java(TM) SE Runtime Environment (10.0.2+13) (build 10.0.2+13)
# Java VM: Java HotSpot(TM) 64-Bit Server VM (10.0.2+13, mixed mode, tiered, compressed oops, g1 gc, bsd-amd64)
Heap:
 garbage-first heap   total 524288K, used 26892K [0x00000005c0000000, 0x00000007c0000000)
  region size 2048K, 10 young (20480K), 3 survivors (6144K)
 Metaspace       used 32396K, capacity 33992K, committed 34480K, reserved 1079296K
  class space    used 4222K, capacity 4943K, committed 5040K, reserved 1048576K
GC Heap History (6 events):
Event: 1.659 GC heap before
{Heap before GC invocations=0 (full 0):
 garbage-first heap   total 524288K, used 24576K [0x00000005c0000000, 0x00000007c0000000)
  region size 2048K, 12 young (24576K), 0 survivors (0K)
 Metaspace       used 18280K, capacity 18781K, committed 18944K, reserved 1067008K
  class space    used 2052K, capacity 2271K, committed 2304K, reserved 1048576K
}
Event: 1.700 GC heap after
{Heap after GC invocations=1 (full 0):
 garbage-first heap   total 524288K, used 5416K [0x00000005c0000000, 0x00000007c0000000)
  region size 2048K, 2 young (4096K), 2 survivors (4096K)
 Metaspace       used 18280K, capacity 18781K, committed 18944K, reserved 1067008K
  class space    used 2052K, capacity 2271K, committed 2304K, reserved 1048576K
}
Event: 1.914 GC heap before
{Heap before GC invocations=1 (full 0):
 garbage-first heap   total 524288K, used 9512K [0x00000005c0000000, 0x00000007c0000000)
  region size 2048K, 5 young (10240K), 2 survivors (4096K)
 Metaspace       used 20528K, capacity 21175K, committed 21296K, reserved 1067008K
  class space    used 2535K, capacity 2845K, committed 2864K, reserved 1048576K
}
Event: 1.934 GC heap after
{Heap after GC invocations=2 (full 0):
 garbage-first heap   total 524288K, used 6445K [0x00000005c0000000, 0x00000007c0000000)
  region size 2048K, 1 young (2048K), 1 survivors (2048K)
 Metaspace       used 20528K, capacity 21175K, committed 21296K, reserved 1067008K
  class space    used 2535K, capacity 2845K, committed 2864K, reserved 1048576K
}
Event: 11.076 GC heap before
{Heap before GC invocations=3 (full 0):
 garbage-first heap   total 524288K, used 47405K [0x00000005c0000000, 0x00000007c0000000)
  region size 2048K, 19 young (38912K), 1 survivors (2048K)
 Metaspace       used 31060K, capacity 32559K, committed 32816K, reserved 1077248K
  class space    used 4146K, capacity 4840K, committed 4912K, reserved 1048576K
}
Event: 11.097 GC heap after
{Heap after GC invocations=4 (full 0):
 garbage-first heap   total 524288K, used 14604K [0x00000005c0000000, 0x00000007c0000000)
  region size 2048K, 3 young (6144K), 3 survivors (6144K)
 Metaspace       used 31060K, capacity 32559K, committed 32816K, reserved 1077248K
  class space    used 4146K, capacity 4840K, committed 4912K, reserved 1048576K
}

